<md:EntityDescriptor xmlns:md="urn:oasis:names:tc:SAML:2.0:metadata" entityID="http://localhost:8088">
  <md:IDPSSODescriptor WantAuthnRequestsSigned="true" protocolSupportEnumeration="urn:oasis:names:tc:SAML:2.0:protocol">
    <md:KeyDescriptor use="signing">
      <ds:KeyInfo xmlns:ds="http://www.w3.org/2000/09/xmldsig#">
        <ds:X509Data>
          <ds:X509Certificate>MIIC+zCCAeOgAwIBAgIUXijMwl3vD8o+Nqp/fA7plDU9+UowDQYJKoZIhvcNAQEL
BQAwDTELMAkGA1UEBhMCSVQwHhcNMjAwNTI2MTMyOTMzWhcNMjAwNjI1MTMyOTMz
WjANMQswCQYDVQQGEwJJVDCCASIwDQYJKoZIhvcNAQEBBQADggEPADCCAQoCggEB
APkOykfG5m66NAMx4UZgIUsymH+uZRfGXRdBQrmM3DgXnVmqBXxjIUezaD7LNB8d
Ww4R0cmVom0W9TXLyWX4DAfUAj8q2rFh8jWEeQORBOjxdxvwyjw5hgQ1LuPH17Fg
CZ5vfquQgnFl8lEQzm7dr0J25IM9XvLiNi6FlAK1/n8a0YIqi6CavVPAw06ZWprp
gd1kf89vv6ZG2mMyZhbXBGlekjP7huMR1TZ2wUuJqfiiYiUrMHFonuDtGtUDZBoW
FJjI1Pjhy8heXp7ZUrcwmGDeu5J9hWh617vQRbZ6AD+mp+OVotEu9FkxpX+EHqVF
hIV0q3S1llll4wOTR0L+QFsCAwEAAaNTMFEwHQYDVR0OBBYEFEpsGrSJI7cJZi4R
teaCyc73XMJqMB8GA1UdIwQYMBaAFEpsGrSJI7cJZi4RteaCyc73XMJqMA8GA1Ud
EwEB/wQFMAMBAf8wDQYJKoZIhvcNAQELBQADggEBALWsZTHBgcNlet2Vsz3r/g/A
CrfrR5inyOZpF7BkLqosTD4j3z7cqHV2GsZySrTHuqAUlv/AmYUMs4vTrGlXMGn3
KarWRsPyF5ky894NkZr2hvBO6bFnpdr0vlO5wZMunBjxZKUynw+oWop7ZZaiE9Au
aZLs3u82aIVQZMut3yum8oxcFQJtoNFvMF6JKZrWabbA2S5DgPu96sJHZed9RM8c
vaIEyZM28jql3oKKNLaKKrp2al/mIsw1p9EuF94gkdQ+/jrCBnnFlMrqsBgyjdeu
H3BvTI9fDjUu9FM0ENvlvwCmFyaG1ov6E1lRH8cAfZCcBTAWNHxzUFI26wrwCjY=
</ds:X509Certificate>
        </ds:X509Data>
      </ds:KeyInfo>
    </md:KeyDescriptor>
    <md:SingleLogoutService Location="http://localhost:8088/slo" Binding="urn:oasis:names:tc:SAML:2.0:bindings:HTTP-POST"/>
    <md:SingleLogoutService Location="http://localhost:8088/slo" Binding="urn:oasis:names:tc:SAML:2.0:bindings:HTTP-Redirect"/>
    <md:NameIDFormat>urn:oasis:names:tc:SAML:2.0:nameid-format:transient</md:NameIDFormat>
    <md:SingleSignOnService Location="http://localhost:8088/sso" Binding="urn:oasis:names:tc:SAML:2.0:bindings:HTTP-POST"/>
    <md:SingleSignOnService Location="http://localhost:8088/sso" Binding="urn:oasis:names:tc:SAML:2.0:bindings:HTTP-Redirect"/>
    <saml:Attribute xmlns:saml="urn:oasis:names:tc:SAML:2.0:assertion" xmlns:xs="http://www.w3.org/2001/XMLSchema" xmlns:xsi="http://www.w3.org/2001/XMLSchema-instance" Name="fiscalNumber"/>
    <saml:Attribute xmlns:saml="urn:oasis:names:tc:SAML:2.0:assertion" xmlns:xs="http://www.w3.org/2001/XMLSchema" xmlns:xsi="http://www.w3.org/2001/XMLSchema-instance" Name="dateOfBirth"/>
    <saml:Attribute xmlns:saml="urn:oasis:names:tc:SAML:2.0:assertion" xmlns:xs="http://www.w3.org/2001/XMLSchema" xmlns:xsi="http://www.w3.org/2001/XMLSchema-instance" Name="gender"/>
    <saml:Attribute xmlns:saml="urn:oasis:names:tc:SAML:2.0:assertion" xmlns:xs="http://www.w3.org/2001/XMLSchema" xmlns:xsi="http://www.w3.org/2001/XMLSchema-instance" Name="name"/>
    <saml:Attribute xmlns:saml="urn:oasis:names:tc:SAML:2.0:assertion" xmlns:xs="http://www.w3.org/2001/XMLSchema" xmlns:xsi="http://www.w3.org/2001/XMLSchema-instance" Name="placeOfBirth"/>
    <saml:Attribute xmlns:saml="urn:oasis:names:tc:SAML:2.0:assertion" xmlns:xs="http://www.w3.org/2001/XMLSchema" xmlns:xsi="http://www.w3.org/2001/XMLSchema-instance" Name="ivaCode"/>
    <saml:Attribute xmlns:saml="urn:oasis:names:tc:SAML:2.0:assertion" xmlns:xs="http://www.w3.org/2001/XMLSchema" xmlns:xsi="http://www.w3.org/2001/XMLSchema-instance" Name="countyOfBirth"/>
    <saml:Attribute xmlns:saml="urn:oasis:names:tc:SAML:2.0:assertion" xmlns:xs="http://www.w3.org/2001/XMLSchema" xmlns:xsi="http://www.w3.org/2001/XMLSchema-instance" Name="idCard"/>
    <saml:Attribute xmlns:saml="urn:oasis:names:tc:SAML:2.0:assertion" xmlns:xs="http://www.w3.org/2001/XMLSchema" xmlns:xsi="http://www.w3.org/2001/XMLSchema-instance" Name="familyName"/>
    <saml:Attribute xmlns:saml="urn:oasis:names:tc:SAML:2.0:assertion" xmlns:xs="http://www.w3.org/2001/XMLSchema" xmlns:xsi="http://www.w3.org/2001/XMLSchema-instance" Name="registeredOffice"/>
    <saml:Attribute xmlns:saml="urn:oasis:names:tc:SAML:2.0:assertion" xmlns:xs="http://www.w3.org/2001/XMLSchema" xmlns:xsi="http://www.w3.org/2001/XMLSchema-instance" Name="companyName"/>
    <saml:Attribute xmlns:saml="urn:oasis:names:tc:SAML:2.0:assertion" xmlns:xs="http://www.w3.org/2001/XMLSchema" xmlns:xsi="http://www.w3.org/2001/XMLSchema-instance" Name="spidCode"/>
    <saml:Attribute xmlns:saml="urn:oasis:names:tc:SAML:2.0:assertion" xmlns:xs="http://www.w3.org/2001/XMLSchema" xmlns:xsi="http://www.w3.org/2001/XMLSchema-instance" Name="expirationDate"/>
    <saml:Attribute xmlns:saml="urn:oasis:names:tc:SAML:2.0:assertion" xmlns:xs="http://www.w3.org/2001/XMLSchema" xmlns:xsi="http://www.w3.org/2001/XMLSchema-instance" Name="address"/>
    <saml:Attribute xmlns:saml="urn:oasis:names:tc:SAML:2.0:assertion" xmlns:xs="http://www.w3.org/2001/XMLSchema" xmlns:xsi="http://www.w3.org/2001/XMLSchema-instance" Name="mobilePhone"/>
    <saml:Attribute xmlns:saml="urn:oasis:names:tc:SAML:2.0:assertion" xmlns:xs="http://www.w3.org/2001/XMLSchema" xmlns:xsi="http://www.w3.org/2001/XMLSchema-instance" Name="email"/>
    <saml:Attribute xmlns:saml="urn:oasis:names:tc:SAML:2.0:assertion" xmlns:xs="http://www.w3.org/2001/XMLSchema" xmlns:xsi="http://www.w3.org/2001/XMLSchema-instance" Name="digitalAddress"/>
  </md:IDPSSODescriptor>
</md:EntityDescriptor>
